{
  "RSpec": {
    "coverage": {
      "/Users/noellelegrain/Projects/ReceivesLog/spec/page_views_spec.rb": [
        1,
        null,
        1,
        1,
        null,
        2,
        null,
        1,
        1,
        2,
        1,
        null,
        null,
        null
      ],
      "/Users/noellelegrain/Projects/ReceivesLog/lib/page_views.rb": [
        1,
        null,
        1,
        1,
        null,
        null,
        1,
        null,
        1,
        1,
        3,
        null,
        null,
        null
      ]
    },
    "timestamp": 1549298652
  }
}
