{
  "RSpec": {
    "coverage": {
      "/Users/noellelegrain/Projects/ReceivesLog/spec/page_views_spec.rb": [
        1,
        null,
        1,
        null,
        1,
        null,
        3,
        2,
        null,
        null,
        1,
        1,
        2,
        1,
        null,
        null,
        1,
        1,
        2,
        1,
        null,
        null,
        null,
        1,
        2,
        null,
        2,
        null,
        1,
        1,
        2,
        1,
        1,
        null,
        null,
        null,
        null
      ],
      "/Users/noellelegrain/Projects/ReceivesLog/lib/page_views.rb": [
        1,
        null,
        1,
        null,
        1,
        3,
        3,
        null,
        null,
        1,
        3,
        null,
        3,
        3,
        13,
        13,
        7,
        null,
        6,
        null,
        null,
        null,
        3,
        null,
        null,
        null,
        1,
        4,
        1,
        null,
        null,
        null,
        null,
        null,
        null,
        null
      ]
    },
    "timestamp": 1549304674
  }
}
